2023-10-18T21:38:39.031811Z TRACE ThreadId(01) version: 1.9.1
2023-10-18T21:38:39.031900Z TRACE ThreadId(01) platform: windows
2023-10-18T21:38:39.034073Z DEBUG ThreadId(01) Arma 3 found at: M:\SteamLibrary\steamapps\common\Arma 3
2023-10-18T21:38:39.034331Z TRACE ThreadId(01) using temporary folder: "C:\\Users\\MARCO~1.SIL\\AppData\\Local\\Temp\\hemtt\\dev_git_Project-Alcatraz"
2023-10-18T21:38:39.034348Z TRACE ThreadId(01) using project folder: "D:\\dev\\git\\Project-Alcatraz"
2023-10-18T21:38:39.034353Z TRACE ThreadId(01) using out folder: "D:\\dev\\git\\Project-Alcatraz\\.hemttout"
2023-10-18T21:38:39.034636Z TRACE ThreadId(01) using build folder: "D:\\dev\\git\\Project-Alcatraz\\.hemttout\\dev"
2023-10-18T21:38:39.054748Z TRACE ThreadId(01) config.cpp: VfsPath { path: "/--outdated--/xms_scripting-old/config.cpp", fs: VFS { fs: OverlayFS { layers: [VfsPath { path: "", fs: VFS { fs: In Memory File System } }, VfsPath { path: "", fs: VFS { fs: AltrootFS { root: VfsPath { path: "", fs: VFS { fs: PhysicalFS { root: "C:\\Users\\MARCO~1.SIL\\AppData\\Local\\Temp\\hemtt\\dev_git_Project-Alcatraz\\output" } } } } } }, VfsPath { path: "", fs: VFS { fs: AltrootFS { root: VfsPath { path: "", fs: VFS { fs: PhysicalFS { root: "D:\\dev\\git\\Project-Alcatraz" } } } } } }] } } }
2023-10-18T21:38:39.056931Z TRACE ThreadId(01) Prefix: VfsPath { path: "/--outdated--/xms_scripting-old/$PBOPREFIX$", fs: VFS { fs: OverlayFS { layers: [VfsPath { path: "", fs: VFS { fs: In Memory File System } }, VfsPath { path: "", fs: VFS { fs: AltrootFS { root: VfsPath { path: "", fs: VFS { fs: PhysicalFS { root: "C:\\Users\\MARCO~1.SIL\\AppData\\Local\\Temp\\hemtt\\dev_git_Project-Alcatraz\\output" } } } } } }, VfsPath { path: "", fs: VFS { fs: AltrootFS { root: VfsPath { path: "", fs: VFS { fs: PhysicalFS { root: "D:\\dev\\git\\Project-Alcatraz" } } } } } }] } } }
2023-10-18T21:38:39.089080Z TRACE ThreadId(01) Prefix: VfsPath { path: "/--outdated--/xms_resources/$PBOPREFIX$", fs: VFS { fs: OverlayFS { layers: [VfsPath { path: "", fs: VFS { fs: In Memory File System } }, VfsPath { path: "", fs: VFS { fs: AltrootFS { root: VfsPath { path: "", fs: VFS { fs: PhysicalFS { root: "C:\\Users\\MARCO~1.SIL\\AppData\\Local\\Temp\\hemtt\\dev_git_Project-Alcatraz\\output" } } } } } }, VfsPath { path: "", fs: VFS { fs: AltrootFS { root: VfsPath { path: "", fs: VFS { fs: PhysicalFS { root: "D:\\dev\\git\\Project-Alcatraz" } } } } } }] } } }
2023-10-18T21:38:39.090059Z TRACE ThreadId(01) config.cpp: VfsPath { path: "/--outdated--/xms_resources/config.cpp", fs: VFS { fs: OverlayFS { layers: [VfsPath { path: "", fs: VFS { fs: In Memory File System } }, VfsPath { path: "", fs: VFS { fs: AltrootFS { root: VfsPath { path: "", fs: VFS { fs: PhysicalFS { root: "C:\\Users\\MARCO~1.SIL\\AppData\\Local\\Temp\\hemtt\\dev_git_Project-Alcatraz\\output" } } } } } }, VfsPath { path: "", fs: VFS { fs: AltrootFS { root: VfsPath { path: "", fs: VFS { fs: PhysicalFS { root: "D:\\dev\\git\\Project-Alcatraz" } } } } } }] } } }
2023-10-18T21:38:39.098771Z TRACE ThreadId(01) Prefix: VfsPath { path: "/addons/scripting/$PBOPREFIX$", fs: VFS { fs: OverlayFS { layers: [VfsPath { path: "", fs: VFS { fs: In Memory File System } }, VfsPath { path: "", fs: VFS { fs: AltrootFS { root: VfsPath { path: "", fs: VFS { fs: PhysicalFS { root: "C:\\Users\\MARCO~1.SIL\\AppData\\Local\\Temp\\hemtt\\dev_git_Project-Alcatraz\\output" } } } } } }, VfsPath { path: "", fs: VFS { fs: AltrootFS { root: VfsPath { path: "", fs: VFS { fs: PhysicalFS { root: "D:\\dev\\git\\Project-Alcatraz" } } } } } }] } } }
2023-10-18T21:38:39.101341Z TRACE ThreadId(01) config.cpp: VfsPath { path: "/addons/scripting/config.cpp", fs: VFS { fs: OverlayFS { layers: [VfsPath { path: "", fs: VFS { fs: In Memory File System } }, VfsPath { path: "", fs: VFS { fs: AltrootFS { root: VfsPath { path: "", fs: VFS { fs: PhysicalFS { root: "C:\\Users\\MARCO~1.SIL\\AppData\\Local\\Temp\\hemtt\\dev_git_Project-Alcatraz\\output" } } } } } }, VfsPath { path: "", fs: VFS { fs: AltrootFS { root: VfsPath { path: "", fs: VFS { fs: PhysicalFS { root: "D:\\dev\\git\\Project-Alcatraz" } } } } } }] } } }
2023-10-18T21:38:39.124027Z TRACE ThreadId(01) Prefix: VfsPath { path: "/addons/content/$PBOPREFIX$", fs: VFS { fs: OverlayFS { layers: [VfsPath { path: "", fs: VFS { fs: In Memory File System } }, VfsPath { path: "", fs: VFS { fs: AltrootFS { root: VfsPath { path: "", fs: VFS { fs: PhysicalFS { root: "C:\\Users\\MARCO~1.SIL\\AppData\\Local\\Temp\\hemtt\\dev_git_Project-Alcatraz\\output" } } } } } }, VfsPath { path: "", fs: VFS { fs: AltrootFS { root: VfsPath { path: "", fs: VFS { fs: PhysicalFS { root: "D:\\dev\\git\\Project-Alcatraz" } } } } } }] } } }
2023-10-18T21:38:39.124997Z TRACE ThreadId(01) config.cpp: VfsPath { path: "/addons/content/config.cpp", fs: VFS { fs: OverlayFS { layers: [VfsPath { path: "", fs: VFS { fs: In Memory File System } }, VfsPath { path: "", fs: VFS { fs: AltrootFS { root: VfsPath { path: "", fs: VFS { fs: PhysicalFS { root: "C:\\Users\\MARCO~1.SIL\\AppData\\Local\\Temp\\hemtt\\dev_git_Project-Alcatraz\\output" } } } } } }, VfsPath { path: "", fs: VFS { fs: AltrootFS { root: VfsPath { path: "", fs: VFS { fs: PhysicalFS { root: "D:\\dev\\git\\Project-Alcatraz" } } } } } }] } } }
2023-10-18T21:38:39.146633Z TRACE ThreadId(01) config.cpp: VfsPath { path: "/addons/resources/config.cpp", fs: VFS { fs: OverlayFS { layers: [VfsPath { path: "", fs: VFS { fs: In Memory File System } }, VfsPath { path: "", fs: VFS { fs: AltrootFS { root: VfsPath { path: "", fs: VFS { fs: PhysicalFS { root: "C:\\Users\\MARCO~1.SIL\\AppData\\Local\\Temp\\hemtt\\dev_git_Project-Alcatraz\\output" } } } } } }, VfsPath { path: "", fs: VFS { fs: AltrootFS { root: VfsPath { path: "", fs: VFS { fs: PhysicalFS { root: "D:\\dev\\git\\Project-Alcatraz" } } } } } }] } } }
2023-10-18T21:38:39.147742Z TRACE ThreadId(01) Prefix: VfsPath { path: "/addons/resources/$PBOPREFIX$", fs: VFS { fs: OverlayFS { layers: [VfsPath { path: "", fs: VFS { fs: In Memory File System } }, VfsPath { path: "", fs: VFS { fs: AltrootFS { root: VfsPath { path: "", fs: VFS { fs: PhysicalFS { root: "C:\\Users\\MARCO~1.SIL\\AppData\\Local\\Temp\\hemtt\\dev_git_Project-Alcatraz\\output" } } } } } }, VfsPath { path: "", fs: VFS { fs: AltrootFS { root: VfsPath { path: "", fs: VFS { fs: PhysicalFS { root: "D:\\dev\\git\\Project-Alcatraz" } } } } } }] } } }
2023-10-18T21:38:39.563099Z TRACE ThreadId(01) reading version from project.toml
2023-10-18T21:38:39.569824Z  INFO ThreadId(01) Config loaded for Extensive Medical System 0.1.0.0-ae2b41b3
2023-10-18T21:38:39.571137Z  INFO ThreadId(01) Creating `dev` version
2023-10-18T21:38:39.571159Z TRACE ThreadId(01) phase: init (start)
2023-10-18T21:38:39.574039Z TRACE ThreadId(01) link "C:\\Users\\MARCO~1.SIL\\AppData\\Local\\Temp\\hemtt\\dev_git_Project-Alcatraz\\source\\x\\xms\\extensivemedicalsystem\\content" => "D:\\dev\\git\\Project-Alcatraz\\addons\\content"
2023-10-18T21:38:39.590046Z TRACE ThreadId(01) link "C:\\Users\\MARCO~1.SIL\\AppData\\Local\\Temp\\hemtt\\dev_git_Project-Alcatraz\\source\\z\\xms\\resources" => "D:\\dev\\git\\Project-Alcatraz\\addons\\resources"
2023-10-18T21:38:39.604455Z TRACE ThreadId(01) link "C:\\Users\\MARCO~1.SIL\\AppData\\Local\\Temp\\hemtt\\dev_git_Project-Alcatraz\\source\\z\\xms\\scripting" => "D:\\dev\\git\\Project-Alcatraz\\addons\\scripting"
2023-10-18T21:38:39.618870Z TRACE ThreadId(01) phase: init (sqf) (start)
2023-10-18T21:38:39.618893Z TRACE ThreadId(01) phase: init (sqf) (done)
2023-10-18T21:38:39.618900Z TRACE ThreadId(01) phase: init (Hooks) (start)
2023-10-18T21:38:39.622270Z TRACE ThreadId(01) phase: init (Hooks) (done)
2023-10-18T21:38:39.622293Z TRACE ThreadId(01) phase: init (Rapifier) (start)
2023-10-18T21:38:39.622299Z TRACE ThreadId(01) phase: init (Rapifier) (done)
2023-10-18T21:38:39.622304Z TRACE ThreadId(01) phase: init (Files) (start)
2023-10-18T21:38:39.622308Z TRACE ThreadId(01) phase: init (Files) (done)
2023-10-18T21:38:39.622313Z TRACE ThreadId(01) phase: init (FilePatching) (start)
2023-10-18T21:38:39.622318Z TRACE ThreadId(01) phase: init (FilePatching) (done)
2023-10-18T21:38:39.622322Z TRACE ThreadId(01) phase: init (done)
2023-10-18T21:38:39.622333Z TRACE ThreadId(01) phase: check (start)
2023-10-18T21:38:39.622340Z TRACE ThreadId(01) phase: check (sqf) (start)
2023-10-18T21:38:39.622346Z TRACE ThreadId(01) phase: check (sqf) (done)
2023-10-18T21:38:39.622350Z TRACE ThreadId(01) phase: check (Hooks) (start)
2023-10-18T21:38:39.622354Z TRACE ThreadId(01) phase: check (Hooks) (done)
2023-10-18T21:38:39.622358Z TRACE ThreadId(01) phase: check (Rapifier) (start)
2023-10-18T21:38:39.622362Z TRACE ThreadId(01) phase: check (Rapifier) (done)
2023-10-18T21:38:39.622366Z TRACE ThreadId(01) phase: check (Files) (start)
2023-10-18T21:38:39.622370Z TRACE ThreadId(01) phase: check (Files) (done)
2023-10-18T21:38:39.622373Z TRACE ThreadId(01) phase: check (FilePatching) (start)
2023-10-18T21:38:39.622377Z TRACE ThreadId(01) phase: check (FilePatching) (done)
2023-10-18T21:38:39.622381Z TRACE ThreadId(01) phase: check (done)
2023-10-18T21:38:39.622387Z TRACE ThreadId(01) phase: pre_build (start)
2023-10-18T21:38:39.622391Z TRACE ThreadId(01) phase: pre_build (sqf) (start)
2023-10-18T21:38:39.622395Z TRACE ThreadId(01) phase: pre_build (sqf) (done)
2023-10-18T21:38:39.622399Z TRACE ThreadId(01) phase: pre_build (Hooks) (start)
2023-10-18T21:38:39.622682Z  INFO ThreadId(01) Running hook: \hooks\pre_build\01_set_mod_cpp_version.rhai
2023-10-18T21:38:39.623683Z  INFO ThreadId(01) [pre_build/01_set_mod_cpp_version.rhai] Updated version in mod.cpp
2023-10-18T21:38:39.623831Z TRACE ThreadId(01) phase: pre_build (Hooks) (done)
2023-10-18T21:38:39.623837Z TRACE ThreadId(01) phase: pre_build (Rapifier) (start)
2023-10-18T21:38:39.626458Z DEBUG ThreadId(06) rapifying /addons/resources/config.cpp
2023-10-18T21:38:39.636176Z DEBUG ThreadId(02) rapifying /addons/content/config.cpp
2023-10-18T21:38:39.637336Z TRACE ThreadId(02) Located with parent: VfsPath { path: "/addons/content/default.hpp", fs: VFS { fs: OverlayFS { layers: [VfsPath { path: "", fs: VFS { fs: In Memory File System } }, VfsPath { path: "", fs: VFS { fs: AltrootFS { root: VfsPath { path: "", fs: VFS { fs: PhysicalFS { root: "C:\\Users\\MARCO~1.SIL\\AppData\\Local\\Temp\\hemtt\\dev_git_Project-Alcatraz\\output" } } } } } }, VfsPath { path: "", fs: VFS { fs: AltrootFS { root: VfsPath { path: "", fs: VFS { fs: PhysicalFS { root: "D:\\dev\\git\\Project-Alcatraz" } } } } } }] } } }
2023-10-18T21:38:39.638101Z DEBUG ThreadId(04) rapifying /addons/scripting/config.cpp
2023-10-18T21:38:39.638105Z TRACE ThreadId(02) Located with parent: VfsPath { path: "/addons/content/Drugs/include.hpp", fs: VFS { fs: OverlayFS { layers: [VfsPath { path: "", fs: VFS { fs: In Memory File System } }, VfsPath { path: "", fs: VFS { fs: AltrootFS { root: VfsPath { path: "", fs: VFS { fs: PhysicalFS { root: "C:\\Users\\MARCO~1.SIL\\AppData\\Local\\Temp\\hemtt\\dev_git_Project-Alcatraz\\output" } } } } } }, VfsPath { path: "", fs: VFS { fs: AltrootFS { root: VfsPath { path: "", fs: VFS { fs: PhysicalFS { root: "D:\\dev\\git\\Project-Alcatraz" } } } } } }] } } }
2023-10-18T21:38:39.638791Z TRACE ThreadId(02) Located with parent: VfsPath { path: "/addons/content/Drugs/base.hpp", fs: VFS { fs: OverlayFS { layers: [VfsPath { path: "", fs: VFS { fs: In Memory File System } }, VfsPath { path: "", fs: VFS { fs: AltrootFS { root: VfsPath { path: "", fs: VFS { fs: PhysicalFS { root: "C:\\Users\\MARCO~1.SIL\\AppData\\Local\\Temp\\hemtt\\dev_git_Project-Alcatraz\\output" } } } } } }, VfsPath { path: "", fs: VFS { fs: AltrootFS { root: VfsPath { path: "", fs: VFS { fs: PhysicalFS { root: "D:\\dev\\git\\Project-Alcatraz" } } } } } }] } } }
2023-10-18T21:38:39.639083Z TRACE ThreadId(04) Located with parent: VfsPath { path: "/addons/scripting/Initialization/functions.hpp", fs: VFS { fs: OverlayFS { layers: [VfsPath { path: "", fs: VFS { fs: In Memory File System } }, VfsPath { path: "", fs: VFS { fs: AltrootFS { root: VfsPath { path: "", fs: VFS { fs: PhysicalFS { root: "C:\\Users\\MARCO~1.SIL\\AppData\\Local\\Temp\\hemtt\\dev_git_Project-Alcatraz\\output" } } } } } }, VfsPath { path: "", fs: VFS { fs: AltrootFS { root: VfsPath { path: "", fs: VFS { fs: PhysicalFS { root: "D:\\dev\\git\\Project-Alcatraz" } } } } } }] } } }
2023-10-18T21:38:39.639761Z TRACE ThreadId(04) Located with parent: VfsPath { path: "/addons/scripting/Tick/functions.hpp", fs: VFS { fs: OverlayFS { layers: [VfsPath { path: "", fs: VFS { fs: In Memory File System } }, VfsPath { path: "", fs: VFS { fs: AltrootFS { root: VfsPath { path: "", fs: VFS { fs: PhysicalFS { root: "C:\\Users\\MARCO~1.SIL\\AppData\\Local\\Temp\\hemtt\\dev_git_Project-Alcatraz\\output" } } } } } }, VfsPath { path: "", fs: VFS { fs: AltrootFS { root: VfsPath { path: "", fs: VFS { fs: PhysicalFS { root: "D:\\dev\\git\\Project-Alcatraz" } } } } } }] } } }
2023-10-18T21:38:39.640419Z TRACE ThreadId(04) Located with parent: VfsPath { path: "/addons/scripting/Unit/functions.hpp", fs: VFS { fs: OverlayFS { layers: [VfsPath { path: "", fs: VFS { fs: In Memory File System } }, VfsPath { path: "", fs: VFS { fs: AltrootFS { root: VfsPath { path: "", fs: VFS { fs: PhysicalFS { root: "C:\\Users\\MARCO~1.SIL\\AppData\\Local\\Temp\\hemtt\\dev_git_Project-Alcatraz\\output" } } } } } }, VfsPath { path: "", fs: VFS { fs: AltrootFS { root: VfsPath { path: "", fs: VFS { fs: PhysicalFS { root: "D:\\dev\\git\\Project-Alcatraz" } } } } } }] } } }
2023-10-18T21:38:39.640588Z TRACE ThreadId(02) Located with parent: VfsPath { path: "/addons/content/UnitVariables/include.hpp", fs: VFS { fs: OverlayFS { layers: [VfsPath { path: "", fs: VFS { fs: In Memory File System } }, VfsPath { path: "", fs: VFS { fs: AltrootFS { root: VfsPath { path: "", fs: VFS { fs: PhysicalFS { root: "C:\\Users\\MARCO~1.SIL\\AppData\\Local\\Temp\\hemtt\\dev_git_Project-Alcatraz\\output" } } } } } }, VfsPath { path: "", fs: VFS { fs: AltrootFS { root: VfsPath { path: "", fs: VFS { fs: PhysicalFS { root: "D:\\dev\\git\\Project-Alcatraz" } } } } } }] } } }
2023-10-18T21:38:39.641089Z TRACE ThreadId(04) Located with parent: VfsPath { path: "/addons/scripting/Unit/HitDetection/functions.hpp", fs: VFS { fs: OverlayFS { layers: [VfsPath { path: "", fs: VFS { fs: In Memory File System } }, VfsPath { path: "", fs: VFS { fs: AltrootFS { root: VfsPath { path: "", fs: VFS { fs: PhysicalFS { root: "C:\\Users\\MARCO~1.SIL\\AppData\\Local\\Temp\\hemtt\\dev_git_Project-Alcatraz\\output" } } } } } }, VfsPath { path: "", fs: VFS { fs: AltrootFS { root: VfsPath { path: "", fs: VFS { fs: PhysicalFS { root: "D:\\dev\\git\\Project-Alcatraz" } } } } } }] } } }
2023-10-18T21:38:39.641404Z TRACE ThreadId(02) Located with parent: VfsPath { path: "/addons/content/UnitVariables/base.hpp", fs: VFS { fs: OverlayFS { layers: [VfsPath { path: "", fs: VFS { fs: In Memory File System } }, VfsPath { path: "", fs: VFS { fs: AltrootFS { root: VfsPath { path: "", fs: VFS { fs: PhysicalFS { root: "C:\\Users\\MARCO~1.SIL\\AppData\\Local\\Temp\\hemtt\\dev_git_Project-Alcatraz\\output" } } } } } }, VfsPath { path: "", fs: VFS { fs: AltrootFS { root: VfsPath { path: "", fs: VFS { fs: PhysicalFS { root: "D:\\dev\\git\\Project-Alcatraz" } } } } } }] } } }
2023-10-18T21:38:39.641787Z TRACE ThreadId(04) Located with parent: VfsPath { path: "/addons/scripting/Unit/Initialization/functions.hpp", fs: VFS { fs: OverlayFS { layers: [VfsPath { path: "", fs: VFS { fs: In Memory File System } }, VfsPath { path: "", fs: VFS { fs: AltrootFS { root: VfsPath { path: "", fs: VFS { fs: PhysicalFS { root: "C:\\Users\\MARCO~1.SIL\\AppData\\Local\\Temp\\hemtt\\dev_git_Project-Alcatraz\\output" } } } } } }, VfsPath { path: "", fs: VFS { fs: AltrootFS { root: VfsPath { path: "", fs: VFS { fs: PhysicalFS { root: "D:\\dev\\git\\Project-Alcatraz" } } } } } }] } } }
2023-10-18T21:38:39.642483Z TRACE ThreadId(04) Located with parent: VfsPath { path: "/addons/scripting/Unit/Variables/functions.hpp", fs: VFS { fs: OverlayFS { layers: [VfsPath { path: "", fs: VFS { fs: In Memory File System } }, VfsPath { path: "", fs: VFS { fs: AltrootFS { root: VfsPath { path: "", fs: VFS { fs: PhysicalFS { root: "C:\\Users\\MARCO~1.SIL\\AppData\\Local\\Temp\\hemtt\\dev_git_Project-Alcatraz\\output" } } } } } }, VfsPath { path: "", fs: VFS { fs: AltrootFS { root: VfsPath { path: "", fs: VFS { fs: PhysicalFS { root: "D:\\dev\\git\\Project-Alcatraz" } } } } } }] } } }
2023-10-18T21:38:39.642751Z TRACE ThreadId(02) Located with parent: VfsPath { path: "/addons/content/UnitVariables/Wounding/Wound_Head.hpp", fs: VFS { fs: OverlayFS { layers: [VfsPath { path: "", fs: VFS { fs: In Memory File System } }, VfsPath { path: "", fs: VFS { fs: AltrootFS { root: VfsPath { path: "", fs: VFS { fs: PhysicalFS { root: "C:\\Users\\MARCO~1.SIL\\AppData\\Local\\Temp\\hemtt\\dev_git_Project-Alcatraz\\output" } } } } } }, VfsPath { path: "", fs: VFS { fs: AltrootFS { root: VfsPath { path: "", fs: VFS { fs: PhysicalFS { root: "D:\\dev\\git\\Project-Alcatraz" } } } } } }] } } }
2023-10-18T21:38:39.643245Z TRACE ThreadId(04) Located with parent: VfsPath { path: "/addons/scripting/Unit/Wounding/functions.hpp", fs: VFS { fs: OverlayFS { layers: [VfsPath { path: "", fs: VFS { fs: In Memory File System } }, VfsPath { path: "", fs: VFS { fs: AltrootFS { root: VfsPath { path: "", fs: VFS { fs: PhysicalFS { root: "C:\\Users\\MARCO~1.SIL\\AppData\\Local\\Temp\\hemtt\\dev_git_Project-Alcatraz\\output" } } } } } }, VfsPath { path: "", fs: VFS { fs: AltrootFS { root: VfsPath { path: "", fs: VFS { fs: PhysicalFS { root: "D:\\dev\\git\\Project-Alcatraz" } } } } } }] } } }
2023-10-18T21:38:39.643427Z TRACE ThreadId(02) Located with parent: VfsPath { path: "/addons/content/UnitVariables/Wounding/Wound_Body.hpp", fs: VFS { fs: OverlayFS { layers: [VfsPath { path: "", fs: VFS { fs: In Memory File System } }, VfsPath { path: "", fs: VFS { fs: AltrootFS { root: VfsPath { path: "", fs: VFS { fs: PhysicalFS { root: "C:\\Users\\MARCO~1.SIL\\AppData\\Local\\Temp\\hemtt\\dev_git_Project-Alcatraz\\output" } } } } } }, VfsPath { path: "", fs: VFS { fs: AltrootFS { root: VfsPath { path: "", fs: VFS { fs: PhysicalFS { root: "D:\\dev\\git\\Project-Alcatraz" } } } } } }] } } }
2023-10-18T21:38:39.643913Z TRACE ThreadId(04) Located with parent: VfsPath { path: "/addons/scripting/UserInterface/functions.hpp", fs: VFS { fs: OverlayFS { layers: [VfsPath { path: "", fs: VFS { fs: In Memory File System } }, VfsPath { path: "", fs: VFS { fs: AltrootFS { root: VfsPath { path: "", fs: VFS { fs: PhysicalFS { root: "C:\\Users\\MARCO~1.SIL\\AppData\\Local\\Temp\\hemtt\\dev_git_Project-Alcatraz\\output" } } } } } }, VfsPath { path: "", fs: VFS { fs: AltrootFS { root: VfsPath { path: "", fs: VFS { fs: PhysicalFS { root: "D:\\dev\\git\\Project-Alcatraz" } } } } } }] } } }
2023-10-18T21:38:39.644104Z TRACE ThreadId(02) Located with parent: VfsPath { path: "/addons/content/UnitVariables/Wounding/Wound_LeftFoot.hpp", fs: VFS { fs: OverlayFS { layers: [VfsPath { path: "", fs: VFS { fs: In Memory File System } }, VfsPath { path: "", fs: VFS { fs: AltrootFS { root: VfsPath { path: "", fs: VFS { fs: PhysicalFS { root: "C:\\Users\\MARCO~1.SIL\\AppData\\Local\\Temp\\hemtt\\dev_git_Project-Alcatraz\\output" } } } } } }, VfsPath { path: "", fs: VFS { fs: AltrootFS { root: VfsPath { path: "", fs: VFS { fs: PhysicalFS { root: "D:\\dev\\git\\Project-Alcatraz" } } } } } }] } } }
2023-10-18T21:38:39.644559Z TRACE ThreadId(04) Located with parent: VfsPath { path: "/addons/scripting/UserInterface/Arma/functions.hpp", fs: VFS { fs: OverlayFS { layers: [VfsPath { path: "", fs: VFS { fs: In Memory File System } }, VfsPath { path: "", fs: VFS { fs: AltrootFS { root: VfsPath { path: "", fs: VFS { fs: PhysicalFS { root: "C:\\Users\\MARCO~1.SIL\\AppData\\Local\\Temp\\hemtt\\dev_git_Project-Alcatraz\\output" } } } } } }, VfsPath { path: "", fs: VFS { fs: AltrootFS { root: VfsPath { path: "", fs: VFS { fs: PhysicalFS { root: "D:\\dev\\git\\Project-Alcatraz" } } } } } }] } } }
2023-10-18T21:38:39.644794Z TRACE ThreadId(02) Located with parent: VfsPath { path: "/addons/content/UnitVariables/Wounding/Wound_LeftHand.hpp", fs: VFS { fs: OverlayFS { layers: [VfsPath { path: "", fs: VFS { fs: In Memory File System } }, VfsPath { path: "", fs: VFS { fs: AltrootFS { root: VfsPath { path: "", fs: VFS { fs: PhysicalFS { root: "C:\\Users\\MARCO~1.SIL\\AppData\\Local\\Temp\\hemtt\\dev_git_Project-Alcatraz\\output" } } } } } }, VfsPath { path: "", fs: VFS { fs: AltrootFS { root: VfsPath { path: "", fs: VFS { fs: PhysicalFS { root: "D:\\dev\\git\\Project-Alcatraz" } } } } } }] } } }
2023-10-18T21:38:39.645307Z TRACE ThreadId(04) Located with parent: VfsPath { path: "/addons/scripting/Util/functions.hpp", fs: VFS { fs: OverlayFS { layers: [VfsPath { path: "", fs: VFS { fs: In Memory File System } }, VfsPath { path: "", fs: VFS { fs: AltrootFS { root: VfsPath { path: "", fs: VFS { fs: PhysicalFS { root: "C:\\Users\\MARCO~1.SIL\\AppData\\Local\\Temp\\hemtt\\dev_git_Project-Alcatraz\\output" } } } } } }, VfsPath { path: "", fs: VFS { fs: AltrootFS { root: VfsPath { path: "", fs: VFS { fs: PhysicalFS { root: "D:\\dev\\git\\Project-Alcatraz" } } } } } }] } } }
2023-10-18T21:38:39.645516Z TRACE ThreadId(02) Located with parent: VfsPath { path: "/addons/content/UnitVariables/Wounding/Wound_LeftLowerArm.hpp", fs: VFS { fs: OverlayFS { layers: [VfsPath { path: "", fs: VFS { fs: In Memory File System } }, VfsPath { path: "", fs: VFS { fs: AltrootFS { root: VfsPath { path: "", fs: VFS { fs: PhysicalFS { root: "C:\\Users\\MARCO~1.SIL\\AppData\\Local\\Temp\\hemtt\\dev_git_Project-Alcatraz\\output" } } } } } }, VfsPath { path: "", fs: VFS { fs: AltrootFS { root: VfsPath { path: "", fs: VFS { fs: PhysicalFS { root: "D:\\dev\\git\\Project-Alcatraz" } } } } } }] } } }
2023-10-18T21:38:39.646212Z TRACE ThreadId(02) Located with parent: VfsPath { path: "/addons/content/UnitVariables/Wounding/Wound_LeftLowerLeg.hpp", fs: VFS { fs: OverlayFS { layers: [VfsPath { path: "", fs: VFS { fs: In Memory File System } }, VfsPath { path: "", fs: VFS { fs: AltrootFS { root: VfsPath { path: "", fs: VFS { fs: PhysicalFS { root: "C:\\Users\\MARCO~1.SIL\\AppData\\Local\\Temp\\hemtt\\dev_git_Project-Alcatraz\\output" } } } } } }, VfsPath { path: "", fs: VFS { fs: AltrootFS { root: VfsPath { path: "", fs: VFS { fs: PhysicalFS { root: "D:\\dev\\git\\Project-Alcatraz" } } } } } }] } } }
2023-10-18T21:38:39.646954Z TRACE ThreadId(02) Located with parent: VfsPath { path: "/addons/content/UnitVariables/Wounding/Wound_LeftUpperArm.hpp", fs: VFS { fs: OverlayFS { layers: [VfsPath { path: "", fs: VFS { fs: In Memory File System } }, VfsPath { path: "", fs: VFS { fs: AltrootFS { root: VfsPath { path: "", fs: VFS { fs: PhysicalFS { root: "C:\\Users\\MARCO~1.SIL\\AppData\\Local\\Temp\\hemtt\\dev_git_Project-Alcatraz\\output" } } } } } }, VfsPath { path: "", fs: VFS { fs: AltrootFS { root: VfsPath { path: "", fs: VFS { fs: PhysicalFS { root: "D:\\dev\\git\\Project-Alcatraz" } } } } } }] } } }
2023-10-18T21:38:39.647698Z TRACE ThreadId(02) Located with parent: VfsPath { path: "/addons/content/UnitVariables/Wounding/Wound_LeftUpperLeg.hpp", fs: VFS { fs: OverlayFS { layers: [VfsPath { path: "", fs: VFS { fs: In Memory File System } }, VfsPath { path: "", fs: VFS { fs: AltrootFS { root: VfsPath { path: "", fs: VFS { fs: PhysicalFS { root: "C:\\Users\\MARCO~1.SIL\\AppData\\Local\\Temp\\hemtt\\dev_git_Project-Alcatraz\\output" } } } } } }, VfsPath { path: "", fs: VFS { fs: AltrootFS { root: VfsPath { path: "", fs: VFS { fs: PhysicalFS { root: "D:\\dev\\git\\Project-Alcatraz" } } } } } }] } } }
2023-10-18T21:38:39.648384Z TRACE ThreadId(02) Located with parent: VfsPath { path: "/addons/content/UnitVariables/Wounding/Wound_RightFoot.hpp", fs: VFS { fs: OverlayFS { layers: [VfsPath { path: "", fs: VFS { fs: In Memory File System } }, VfsPath { path: "", fs: VFS { fs: AltrootFS { root: VfsPath { path: "", fs: VFS { fs: PhysicalFS { root: "C:\\Users\\MARCO~1.SIL\\AppData\\Local\\Temp\\hemtt\\dev_git_Project-Alcatraz\\output" } } } } } }, VfsPath { path: "", fs: VFS { fs: AltrootFS { root: VfsPath { path: "", fs: VFS { fs: PhysicalFS { root: "D:\\dev\\git\\Project-Alcatraz" } } } } } }] } } }
2023-10-18T21:38:39.649084Z TRACE ThreadId(02) Located with parent: VfsPath { path: "/addons/content/UnitVariables/Wounding/Wound_RightHand.hpp", fs: VFS { fs: OverlayFS { layers: [VfsPath { path: "", fs: VFS { fs: In Memory File System } }, VfsPath { path: "", fs: VFS { fs: AltrootFS { root: VfsPath { path: "", fs: VFS { fs: PhysicalFS { root: "C:\\Users\\MARCO~1.SIL\\AppData\\Local\\Temp\\hemtt\\dev_git_Project-Alcatraz\\output" } } } } } }, VfsPath { path: "", fs: VFS { fs: AltrootFS { root: VfsPath { path: "", fs: VFS { fs: PhysicalFS { root: "D:\\dev\\git\\Project-Alcatraz" } } } } } }] } } }
2023-10-18T21:38:39.649768Z TRACE ThreadId(02) Located with parent: VfsPath { path: "/addons/content/UnitVariables/Wounding/Wound_RightLowerArm.hpp", fs: VFS { fs: OverlayFS { layers: [VfsPath { path: "", fs: VFS { fs: In Memory File System } }, VfsPath { path: "", fs: VFS { fs: AltrootFS { root: VfsPath { path: "", fs: VFS { fs: PhysicalFS { root: "C:\\Users\\MARCO~1.SIL\\AppData\\Local\\Temp\\hemtt\\dev_git_Project-Alcatraz\\output" } } } } } }, VfsPath { path: "", fs: VFS { fs: AltrootFS { root: VfsPath { path: "", fs: VFS { fs: PhysicalFS { root: "D:\\dev\\git\\Project-Alcatraz" } } } } } }] } } }
2023-10-18T21:38:39.650471Z TRACE ThreadId(02) Located with parent: VfsPath { path: "/addons/content/UnitVariables/Wounding/Wound_RightLowerLeg.hpp", fs: VFS { fs: OverlayFS { layers: [VfsPath { path: "", fs: VFS { fs: In Memory File System } }, VfsPath { path: "", fs: VFS { fs: AltrootFS { root: VfsPath { path: "", fs: VFS { fs: PhysicalFS { root: "C:\\Users\\MARCO~1.SIL\\AppData\\Local\\Temp\\hemtt\\dev_git_Project-Alcatraz\\output" } } } } } }, VfsPath { path: "", fs: VFS { fs: AltrootFS { root: VfsPath { path: "", fs: VFS { fs: PhysicalFS { root: "D:\\dev\\git\\Project-Alcatraz" } } } } } }] } } }
2023-10-18T21:38:39.651192Z TRACE ThreadId(02) Located with parent: VfsPath { path: "/addons/content/UnitVariables/Wounding/Wound_RightUpperArm.hpp", fs: VFS { fs: OverlayFS { layers: [VfsPath { path: "", fs: VFS { fs: In Memory File System } }, VfsPath { path: "", fs: VFS { fs: AltrootFS { root: VfsPath { path: "", fs: VFS { fs: PhysicalFS { root: "C:\\Users\\MARCO~1.SIL\\AppData\\Local\\Temp\\hemtt\\dev_git_Project-Alcatraz\\output" } } } } } }, VfsPath { path: "", fs: VFS { fs: AltrootFS { root: VfsPath { path: "", fs: VFS { fs: PhysicalFS { root: "D:\\dev\\git\\Project-Alcatraz" } } } } } }] } } }
2023-10-18T21:38:39.651865Z TRACE ThreadId(02) Located with parent: VfsPath { path: "/addons/content/UnitVariables/Wounding/Wound_RightUpperLeg.hpp", fs: VFS { fs: OverlayFS { layers: [VfsPath { path: "", fs: VFS { fs: In Memory File System } }, VfsPath { path: "", fs: VFS { fs: AltrootFS { root: VfsPath { path: "", fs: VFS { fs: PhysicalFS { root: "C:\\Users\\MARCO~1.SIL\\AppData\\Local\\Temp\\hemtt\\dev_git_Project-Alcatraz\\output" } } } } } }, VfsPath { path: "", fs: VFS { fs: AltrootFS { root: VfsPath { path: "", fs: VFS { fs: PhysicalFS { root: "D:\\dev\\git\\Project-Alcatraz" } } } } } }] } } }
2023-10-18T21:38:39.652567Z TRACE ThreadId(02) Located with parent: VfsPath { path: "/addons/content/UnitVariables/Wounding/Wound_Rips.hpp", fs: VFS { fs: OverlayFS { layers: [VfsPath { path: "", fs: VFS { fs: In Memory File System } }, VfsPath { path: "", fs: VFS { fs: AltrootFS { root: VfsPath { path: "", fs: VFS { fs: PhysicalFS { root: "C:\\Users\\MARCO~1.SIL\\AppData\\Local\\Temp\\hemtt\\dev_git_Project-Alcatraz\\output" } } } } } }, VfsPath { path: "", fs: VFS { fs: AltrootFS { root: VfsPath { path: "", fs: VFS { fs: PhysicalFS { root: "D:\\dev\\git\\Project-Alcatraz" } } } } } }] } } }
2023-10-18T21:38:39.653235Z TRACE ThreadId(02) Located with parent: VfsPath { path: "/addons/content/Wounds/include.hpp", fs: VFS { fs: OverlayFS { layers: [VfsPath { path: "", fs: VFS { fs: In Memory File System } }, VfsPath { path: "", fs: VFS { fs: AltrootFS { root: VfsPath { path: "", fs: VFS { fs: PhysicalFS { root: "C:\\Users\\MARCO~1.SIL\\AppData\\Local\\Temp\\hemtt\\dev_git_Project-Alcatraz\\output" } } } } } }, VfsPath { path: "", fs: VFS { fs: AltrootFS { root: VfsPath { path: "", fs: VFS { fs: PhysicalFS { root: "D:\\dev\\git\\Project-Alcatraz" } } } } } }] } } }
2023-10-18T21:38:39.653854Z TRACE ThreadId(02) Located with parent: VfsPath { path: "/addons/content/Wounds/base.hpp", fs: VFS { fs: OverlayFS { layers: [VfsPath { path: "", fs: VFS { fs: In Memory File System } }, VfsPath { path: "", fs: VFS { fs: AltrootFS { root: VfsPath { path: "", fs: VFS { fs: PhysicalFS { root: "C:\\Users\\MARCO~1.SIL\\AppData\\Local\\Temp\\hemtt\\dev_git_Project-Alcatraz\\output" } } } } } }, VfsPath { path: "", fs: VFS { fs: AltrootFS { root: VfsPath { path: "", fs: VFS { fs: PhysicalFS { root: "D:\\dev\\git\\Project-Alcatraz" } } } } } }] } } }
2023-10-18T21:38:39.658812Z TRACE ThreadId(02) Located with parent: VfsPath { path: "/addons/content/Wounds/bullethole.hpp", fs: VFS { fs: OverlayFS { layers: [VfsPath { path: "", fs: VFS { fs: In Memory File System } }, VfsPath { path: "", fs: VFS { fs: AltrootFS { root: VfsPath { path: "", fs: VFS { fs: PhysicalFS { root: "C:\\Users\\MARCO~1.SIL\\AppData\\Local\\Temp\\hemtt\\dev_git_Project-Alcatraz\\output" } } } } } }, VfsPath { path: "", fs: VFS { fs: AltrootFS { root: VfsPath { path: "", fs: VFS { fs: PhysicalFS { root: "D:\\dev\\git\\Project-Alcatraz" } } } } } }] } } }
2023-10-18T21:38:39.685899Z  INFO ThreadId(01) Rapified 3 addon configs
2023-10-18T21:38:39.685951Z TRACE ThreadId(01) phase: pre_build (Rapifier) (done)
2023-10-18T21:38:39.685957Z TRACE ThreadId(01) phase: pre_build (Files) (start)
2023-10-18T21:38:39.685962Z TRACE ThreadId(01) phase: pre_build (Files) (done)
2023-10-18T21:38:39.685966Z TRACE ThreadId(01) phase: pre_build (FilePatching) (start)
2023-10-18T21:38:39.686289Z TRACE ThreadId(02) link "D:\\dev\\git\\Project-Alcatraz\\.hemttout\\dev\\addons\\content" => "D:\\dev\\git\\Project-Alcatraz\\addons\\content"
2023-10-18T21:38:39.686313Z TRACE ThreadId(03) link "D:\\dev\\git\\Project-Alcatraz\\.hemttout\\dev\\addons\\resources" => "D:\\dev\\git\\Project-Alcatraz\\addons\\resources"
2023-10-18T21:38:39.686318Z TRACE ThreadId(04) link "D:\\dev\\git\\Project-Alcatraz\\.hemttout\\dev\\addons\\scripting" => "D:\\dev\\git\\Project-Alcatraz\\addons\\scripting"
2023-10-18T21:38:39.714294Z TRACE ThreadId(01) phase: pre_build (FilePatching) (done)
2023-10-18T21:38:39.714321Z TRACE ThreadId(01) phase: pre_build (done)
2023-10-18T21:38:39.714326Z TRACE ThreadId(01) phase: build (start)
2023-10-18T21:38:39.714337Z TRACE ThreadId(01) reading version from project.toml
2023-10-18T21:38:39.718467Z DEBUG ThreadId(04) building "addons/scripting" => "D:\\dev\\git\\Project-Alcatraz\\.hemttout\\dev\\addons\\xms_scripting.pbo"
2023-10-18T21:38:39.718464Z DEBUG ThreadId(02) building "addons/content" => "D:\\dev\\git\\Project-Alcatraz\\.hemttout\\dev\\addons\\xms_content.pbo"
2023-10-18T21:38:39.718470Z DEBUG ThreadId(03) building "addons/resources" => "D:\\dev\\git\\Project-Alcatraz\\.hemttout\\dev\\addons\\xms_resources.pbo"
2023-10-18T21:38:39.720260Z TRACE ThreadId(03) adding file "config.bin"
2023-10-18T21:38:39.720477Z TRACE ThreadId(03) adding file "logo.paa"
2023-10-18T21:38:39.729358Z TRACE ThreadId(02) adding file "default.hpp"
2023-10-18T21:38:39.729912Z TRACE ThreadId(02) adding file "config.bin"
2023-10-18T21:38:39.730460Z TRACE ThreadId(02) adding file "UnitVariables\\base.hpp"
2023-10-18T21:38:39.730628Z TRACE ThreadId(04) adding file "config.bin"
2023-10-18T21:38:39.731020Z TRACE ThreadId(02) adding file "UnitVariables\\include.hpp"
2023-10-18T21:38:39.731417Z TRACE ThreadId(04) adding file "default.hpp"
2023-10-18T21:38:39.731744Z TRACE ThreadId(02) adding file "UnitVariables\\Body\\BloodValue.hpp"
2023-10-18T21:38:39.731788Z TRACE ThreadId(04) adding file "exception.hpp"
2023-10-18T21:38:39.732117Z TRACE ThreadId(02) adding file "UnitVariables\\BlackOutSystem\\state.hpp"
2023-10-18T21:38:39.732157Z TRACE ThreadId(04) adding file "footer.hpp"
2023-10-18T21:38:39.732491Z TRACE ThreadId(02) adding file "UnitVariables\\ModTick\\TickProperties.hpp"
2023-10-18T21:38:39.732903Z TRACE ThreadId(02) adding file "UnitVariables\\ModTick\\TickVar.hpp"
2023-10-18T21:38:39.733286Z TRACE ThreadId(02) adding file "UnitVariables\\ModTick\\TimeoutCount.hpp"
2023-10-18T21:38:39.733593Z TRACE ThreadId(04) adding file "header.hpp"
2023-10-18T21:38:39.733704Z TRACE ThreadId(02) adding file "UnitVariables\\Wounding\\Wound_LeftLowerLeg.hpp"
2023-10-18T21:38:39.734140Z TRACE ThreadId(04) adding file "UserInterface\\functions.hpp"
2023-10-18T21:38:39.734156Z TRACE ThreadId(02) adding file "UnitVariables\\Wounding\\Wound_RightUpperArm.hpp"
2023-10-18T21:38:39.734517Z TRACE ThreadId(04) adding file "UserInterface\\Arma\\fn_onKeyDown.sqf"
2023-10-18T21:38:39.734542Z TRACE ThreadId(02) adding file "UnitVariables\\Wounding\\Wound_Rips.hpp"
2023-10-18T21:38:39.734891Z TRACE ThreadId(04) adding file "UserInterface\\Arma\\fn_postInit.sqf"
2023-10-18T21:38:39.734931Z TRACE ThreadId(02) adding file "UnitVariables\\Wounding\\Wound_RightFoot.hpp"
2023-10-18T21:38:39.735266Z TRACE ThreadId(04) adding file "UserInterface\\Arma\\functions.hpp"
2023-10-18T21:38:39.735312Z TRACE ThreadId(02) adding file "UnitVariables\\Wounding\\Wound_LeftFoot.hpp"
2023-10-18T21:38:39.735644Z TRACE ThreadId(04) adding file "UserInterface\\Arma\\fn_acquireUserInterfaceBlock.sqf"
2023-10-18T21:38:39.735697Z TRACE ThreadId(02) adding file "UnitVariables\\Wounding\\Wound_LeftHand.hpp"
2023-10-18T21:38:39.736028Z TRACE ThreadId(04) adding file "Util\\fn_createDisposable.sqf"
2023-10-18T21:38:39.736092Z TRACE ThreadId(02) adding file "UnitVariables\\Wounding\\Wound_RightLowerLeg.hpp"
2023-10-18T21:38:39.736408Z TRACE ThreadId(04) adding file "Util\\functions.hpp"
2023-10-18T21:38:39.736480Z TRACE ThreadId(02) adding file "UnitVariables\\Wounding\\Wound_LeftUpperLeg.hpp"
2023-10-18T21:38:39.736794Z TRACE ThreadId(04) adding file "Tick\\functions.hpp"
2023-10-18T21:38:39.736866Z TRACE ThreadId(02) adding file "UnitVariables\\Wounding\\Wound_RightHand.hpp"
2023-10-18T21:38:39.737172Z TRACE ThreadId(04) adding file "Unit\\functions.hpp"
2023-10-18T21:38:39.737256Z TRACE ThreadId(02) adding file "UnitVariables\\Wounding\\Wound_Head.hpp"
2023-10-18T21:38:39.737641Z TRACE ThreadId(02) adding file "UnitVariables\\Wounding\\Wound_LeftLowerArm.hpp"
2023-10-18T21:38:39.738026Z TRACE ThreadId(02) adding file "UnitVariables\\Wounding\\Wound_Body.hpp"
2023-10-18T21:38:39.738251Z TRACE ThreadId(04) adding file "Unit\\HitDetection\\fn_handleDamage.sqf"
2023-10-18T21:38:39.738414Z TRACE ThreadId(02) adding file "UnitVariables\\Wounding\\Wound_RightLowerArm.hpp"
2023-10-18T21:38:39.738634Z TRACE ThreadId(04) adding file "Unit\\HitDetection\\fn_hit.sqf"
2023-10-18T21:38:39.738803Z TRACE ThreadId(02) adding file "UnitVariables\\Wounding\\Wound_LeftUpperArm.hpp"
2023-10-18T21:38:39.739015Z TRACE ThreadId(04) adding file "Unit\\HitDetection\\fn_hitPart.sqf"
2023-10-18T21:38:39.739201Z TRACE ThreadId(02) adding file "UnitVariables\\Wounding\\Wound_RightUpperLeg.hpp"
2023-10-18T21:38:39.739393Z TRACE ThreadId(04) adding file "Unit\\HitDetection\\fn_resolveHitSection.sqf"
2023-10-18T21:38:39.739602Z TRACE ThreadId(02) adding file "Drugs\\include.hpp"
2023-10-18T21:38:39.739822Z TRACE ThreadId(04) adding file "Unit\\HitDetection\\functions.hpp"
2023-10-18T21:38:39.740014Z TRACE ThreadId(02) adding file "Drugs\\base.hpp"
2023-10-18T21:38:39.740220Z TRACE ThreadId(04) adding file "Unit\\Wounding\\fn_createWound.sqf"
2023-10-18T21:38:39.740400Z TRACE ThreadId(02) adding file "Wounds\\include.hpp"
2023-10-18T21:38:39.740613Z TRACE ThreadId(04) adding file "Unit\\Wounding\\fn_computeWoundings_HitDetection.sqf"
2023-10-18T21:38:39.740773Z TRACE ThreadId(02) adding file "Wounds\\bullethole.hpp"
2023-10-18T21:38:39.740989Z TRACE ThreadId(04) adding file "Unit\\Wounding\\functions.hpp"
2023-10-18T21:38:39.741142Z TRACE ThreadId(02) adding file "Wounds\\base.hpp"
2023-10-18T21:38:39.741362Z TRACE ThreadId(04) adding file "Unit\\Wounding\\fn_applyWound.sqf"
2023-10-18T21:38:39.741738Z TRACE ThreadId(04) adding file "Unit\\Initialization\\fn_init.sqf"
2023-10-18T21:38:39.742109Z TRACE ThreadId(04) adding file "Unit\\Initialization\\fn_uninit.sqf"
2023-10-18T21:38:39.742484Z TRACE ThreadId(04) adding file "Unit\\Initialization\\functions.hpp"
2023-10-18T21:38:39.742859Z TRACE ThreadId(04) adding file "Unit\\Variables\\functions.hpp"
2023-10-18T21:38:39.743224Z TRACE ThreadId(04) adding file "Unit\\Variables\\fn_getVariable.sqf"
2023-10-18T21:38:39.743594Z TRACE ThreadId(04) adding file "Unit\\Variables\\fn_createVariable.sqf"
2023-10-18T21:38:39.743963Z TRACE ThreadId(04) adding file "Unit\\Variables\\fn_setVariable.sqf"
2023-10-18T21:38:39.744342Z TRACE ThreadId(04) adding file "Initialization\\fn_variables.sqf"
2023-10-18T21:38:39.744717Z TRACE ThreadId(04) adding file "Initialization\\functions.hpp"
2023-10-18T21:38:39.746587Z  INFO ThreadId(01) Built 3 PBOs
2023-10-18T21:38:39.746600Z TRACE ThreadId(01) phase: build (done)
2023-10-18T21:38:39.746605Z TRACE ThreadId(01) phase: post_build (start)
2023-10-18T21:38:39.746609Z TRACE ThreadId(01) phase: post_build (sqf) (start)
2023-10-18T21:38:39.746613Z TRACE ThreadId(01) phase: post_build (sqf) (done)
2023-10-18T21:38:39.746618Z TRACE ThreadId(01) phase: post_build (Hooks) (start)
2023-10-18T21:38:39.746718Z TRACE ThreadId(01) no post_build hooks
2023-10-18T21:38:39.746726Z TRACE ThreadId(01) phase: post_build (Hooks) (done)
2023-10-18T21:38:39.746730Z TRACE ThreadId(01) phase: post_build (Rapifier) (start)
2023-10-18T21:38:39.746734Z TRACE ThreadId(01) phase: post_build (Rapifier) (done)
2023-10-18T21:38:39.746738Z TRACE ThreadId(01) phase: post_build (Files) (start)
2023-10-18T21:38:40.023942Z DEBUG ThreadId(01) copying "/mod.cpp" => "D:\\dev\\git\\Project-Alcatraz\\.hemttout\\dev\\mod.cpp"
2023-10-18T21:38:40.028235Z DEBUG ThreadId(01) copying "/LICENSE.MD" => "D:\\dev\\git\\Project-Alcatraz\\.hemttout\\dev\\LICENSE.MD"
2023-10-18T21:38:40.029399Z DEBUG ThreadId(01) copying "/logo.paa" => "D:\\dev\\git\\Project-Alcatraz\\.hemttout\\dev\\logo.paa"
2023-10-18T21:38:40.417624Z  INFO ThreadId(01) Copied 3 files
2023-10-18T21:38:40.417690Z TRACE ThreadId(01) phase: post_build (Files) (done)
2023-10-18T21:38:40.417735Z TRACE ThreadId(01) phase: post_build (FilePatching) (start)
2023-10-18T21:38:40.417845Z  INFO ThreadId(01) You can now use the dev folder at `.hemttout/dev` to test your mod with file-patching.
2023-10-18T21:38:40.417866Z TRACE ThreadId(01) phase: post_build (FilePatching) (done)
2023-10-18T21:38:40.417872Z TRACE ThreadId(01) phase: post_build (done)
2023-10-18T21:38:40.418303Z  INFO ThreadId(01) Launching "M:\\SteamLibrary\\steamapps\\common\\Arma 3" with: "-skipIntro -noSplash -showScriptErrors -debug -filePatching -mod=\"D:\\dev\\git\\Project-Alcatraz\\.hemttout/dev\""
